[ 2016-03-31T13:24:15+08:00 ] ::1 /yimiao/index.php/yimiao/index.php/MyUser/Login/Login.html.html
ERR: 无法加载模块:Yimiao

[ 2016-03-31T13:25:39+08:00 ] ::1 /yimiao/index.php/yimiao/index.php/MyUser/Login/Login.html.html
ERR: 无法加载模块:Yimiao

[ 2016-03-31T19:02:44+08:00 ] ::1 /yimiao/Application/MyUser/View/Public/Index/img/1.gif
ERR: 无法加载模块:Application

[ 2016-03-31T19:02:44+08:00 ] ::1 /yimiao/Application/MyUser/View/Public/Index/images/blank.gif
ERR: 无法加载模块:Application

[ 2016-03-31T19:02:44+08:00 ] ::1 /yimiao/Application/MyUser/View/Public/Index/images/panel_title.png
ERR: 无法加载模块:Application

[ 2016-03-31T19:03:15+08:00 ] ::1 /yimiao/Application/MyUser/View/Public/Index/images/blank.gif
ERR: 无法加载模块:Application

[ 2016-03-31T19:03:15+08:00 ] ::1 /yimiao/Application/MyUser/View/Public/Index/images/panel_title.png
ERR: 无法加载模块:Application

[ 2016-03-31T19:03:15+08:00 ] ::1 /yimiao/Application/MyUser/View/Public/Index/img/1.gif
ERR: 无法加载模块:Application

[ 2016-03-31T19:07:45+08:00 ] ::1 /yimiao/Application/MyUser/View/Public/Index/images/blank.gif
ERR: 无法加载模块:Application

[ 2016-03-31T19:07:45+08:00 ] ::1 /yimiao/Application/MyUser/View/Public/Index/images/panel_title.png
ERR: 无法加载模块:Application

[ 2016-03-31T19:07:45+08:00 ] ::1 /yimiao/Application/MyUser/View/Public/Index/img/1.gif
ERR: 无法加载模块:Application

[ 2016-03-31T19:13:25+08:00 ] ::1 /yimiao/Application/MyUser/View/Public/Index/images/panel_title.png
ERR: 无法加载模块:Application

[ 2016-03-31T19:13:25+08:00 ] ::1 /yimiao/Application/MyUser/View/Public/Index/images/blank.gif
ERR: 无法加载模块:Application

[ 2016-03-31T19:13:25+08:00 ] ::1 /yimiao/Application/MyUser/View/Public/Index/img/1.gif
ERR: 无法加载模块:Application

[ 2016-03-31T19:14:01+08:00 ] ::1 /yimiao/Application/MyUser/View/Public/Index/images/panel_title.png
ERR: 无法加载模块:Application

[ 2016-03-31T19:14:01+08:00 ] ::1 /yimiao/Application/MyUser/View/Public/Index/images/blank.gif
ERR: 无法加载模块:Application

[ 2016-03-31T19:14:01+08:00 ] ::1 /yimiao/Application/MyUser/View/Public/Index/img/1.gif
ERR: 无法加载模块:Application

[ 2016-03-31T19:14:26+08:00 ] ::1 /yimiao/Application/MyUser/View/Public/Index/images/panel_title.png
ERR: 无法加载模块:Application

[ 2016-03-31T19:14:26+08:00 ] ::1 /yimiao/Application/MyUser/View/Public/Index/images/blank.gif
ERR: 无法加载模块:Application

[ 2016-03-31T19:14:26+08:00 ] ::1 /yimiao/Application/MyUser/View/Public/Index/img/1.gif
ERR: 无法加载模块:Application

[ 2016-03-31T19:14:59+08:00 ] ::1 /yimiao/Application/MyUser/View/Public/Index/images/blank.gif
ERR: 无法加载模块:Application

[ 2016-03-31T19:14:59+08:00 ] ::1 /yimiao/Application/MyUser/View/Public/Index/images/panel_title.png
ERR: 无法加载模块:Application

[ 2016-03-31T19:14:59+08:00 ] ::1 /yimiao/Application/MyUser/View/Public/Index/img/1.gif
ERR: 无法加载模块:Application

[ 2016-03-31T19:15:57+08:00 ] ::1 /yimiao/Application/MyUser/View/Public/Index/images/panel_title.png
ERR: 无法加载模块:Application

[ 2016-03-31T19:15:57+08:00 ] ::1 /yimiao/Application/MyUser/View/Public/Index/img/1.gif
ERR: 无法加载模块:Application

[ 2016-03-31T19:15:57+08:00 ] ::1 /yimiao/Application/MyUser/View/Public/Index/images/blank.gif
ERR: 无法加载模块:Application

[ 2016-03-31T19:25:54+08:00 ] ::1 /yimiao/Application/MyUser/View/Public/Index/images/blank.gif
ERR: 无法加载模块:Application

[ 2016-03-31T19:25:54+08:00 ] ::1 /yimiao/Application/MyUser/View/Public/Index/images/panel_title.png
ERR: 无法加载模块:Application

[ 2016-03-31T19:25:54+08:00 ] ::1 /yimiao/Application/MyUser/View/Public/Index/img/1.gif
ERR: 无法加载模块:Application

[ 2016-03-31T19:26:44+08:00 ] ::1 /yimiao/Application/MyUser/View/Public/Index/images/panel_title.png
ERR: 无法加载模块:Application

[ 2016-03-31T19:26:44+08:00 ] ::1 /yimiao/Application/MyUser/View/Public/Index/images/blank.gif
ERR: 无法加载模块:Application

[ 2016-03-31T19:26:44+08:00 ] ::1 /yimiao/Application/MyUser/View/Public/Index/img/1.gif
ERR: 无法加载模块:Application

[ 2016-03-31T19:28:46+08:00 ] ::1 /yimiao/Application/MyUser/View/Public/Index/images/panel_title.png
ERR: 无法加载模块:Application

[ 2016-03-31T19:28:46+08:00 ] ::1 /yimiao/Application/MyUser/View/Public/Index/images/blank.gif
ERR: 无法加载模块:Application

[ 2016-03-31T19:28:46+08:00 ] ::1 /yimiao/Application/MyUser/View/Public/Index/img/1.gif
ERR: 无法加载模块:Application

[ 2016-03-31T19:30:56+08:00 ] ::1 /yimiao/Application/MyUser/View/Public/Index/images/blank.gif
ERR: 无法加载模块:Application

[ 2016-03-31T19:30:56+08:00 ] ::1 /yimiao/Application/MyUser/View/Public/Index/images/panel_title.png
ERR: 无法加载模块:Application

[ 2016-03-31T19:30:56+08:00 ] ::1 /yimiao/Application/MyUser/View/Public/Index/img/1.gif
ERR: 无法加载模块:Application

[ 2016-03-31T19:36:52+08:00 ] ::1 /yimiao/Application/MyUser/View/Public/Index/images/panel_title.png
ERR: 无法加载模块:Application

[ 2016-03-31T19:36:52+08:00 ] ::1 /yimiao/Application/MyUser/View/Public/Index/img/1.gif
ERR: 无法加载模块:Application

[ 2016-03-31T19:36:52+08:00 ] ::1 /yimiao/Application/MyUser/View/Public/Index/images/blank.gif
ERR: 无法加载模块:Application

[ 2016-03-31T19:45:50+08:00 ] ::1 /yimiao/Application/MyUser/View/Public/Index/images/blank.gif
ERR: 无法加载模块:Application

[ 2016-03-31T19:45:50+08:00 ] ::1 /yimiao/Application/MyUser/View/Public/Index/images/panel_title.png
ERR: 无法加载模块:Application

[ 2016-03-31T19:45:50+08:00 ] ::1 /yimiao/Application/MyUser/View/Public/Index/img/1.gif
ERR: 无法加载模块:Application

[ 2016-03-31T19:48:02+08:00 ] ::1 /yimiao/Application/MyUser/View/Public/Index/images/blank.gif
ERR: 无法加载模块:Application

[ 2016-03-31T19:48:02+08:00 ] ::1 /yimiao/Application/MyUser/View/Public/Index/img/1.gif
ERR: 无法加载模块:Application

[ 2016-03-31T19:48:02+08:00 ] ::1 /yimiao/Application/MyUser/View/Public/Index/images/panel_title.png
ERR: 无法加载模块:Application

[ 2016-03-31T19:50:57+08:00 ] ::1 /yimiao/Application/MyUser/View/Public/Index/images/blank.gif
ERR: 无法加载模块:Application

[ 2016-03-31T19:50:57+08:00 ] ::1 /yimiao/Application/MyUser/View/Public/Index/img/1.gif
ERR: 无法加载模块:Application

[ 2016-03-31T19:50:57+08:00 ] ::1 /yimiao/Application/MyUser/View/Public/Index/images/panel_title.png
ERR: 无法加载模块:Application

[ 2016-03-31T20:34:01+08:00 ] ::1 /yimiao/Application/MyUser/View/Public/Index/images/blank.gif
ERR: 无法加载模块:Application

[ 2016-03-31T20:34:01+08:00 ] ::1 /yimiao/Application/MyUser/View/Public/Index/images/panel_title.png
ERR: 无法加载模块:Application

[ 2016-03-31T20:34:01+08:00 ] ::1 /yimiao/Application/MyUser/View/Public/Index/img/1.gif
ERR: 无法加载模块:Application

[ 2016-03-31T22:44:49+08:00 ] ::1 /yimiao/Application/MyUser/View/Public/Index/images/blank.gif
ERR: 无法加载模块:Application

[ 2016-03-31T22:44:49+08:00 ] ::1 /yimiao/Application/MyUser/View/Public/Index/images/panel_title.png
ERR: 无法加载模块:Application

[ 2016-03-31T22:44:49+08:00 ] ::1 /yimiao/Application/MyUser/View/Public/Index/img/1.gif
ERR: 无法加载模块:Application

[ 2016-03-31T22:45:58+08:00 ] ::1 /yimiao/Application/MyUser/View/Public/Index/images/panel_title.png
ERR: 无法加载模块:Application

[ 2016-03-31T22:45:58+08:00 ] ::1 /yimiao/Application/MyUser/View/Public/Index/images/blank.gif
ERR: 无法加载模块:Application

[ 2016-03-31T22:45:58+08:00 ] ::1 /yimiao/Application/MyUser/View/Public/Index/img/1.gif
ERR: 无法加载模块:Application

[ 2016-03-31T22:46:07+08:00 ] ::1 /yimiao/Application/MyUser/View/Public/Index/images/panel_title.png
ERR: 无法加载模块:Application

[ 2016-03-31T22:46:07+08:00 ] ::1 /yimiao/Application/MyUser/View/Public/Index/images/blank.gif
ERR: 无法加载模块:Application

[ 2016-03-31T22:46:07+08:00 ] ::1 /yimiao/Application/MyUser/View/Public/Index/img/1.gif
ERR: 无法加载模块:Application

[ 2016-03-31T22:46:52+08:00 ] ::1 /yimiao/Application/MyUser/View/Public/Index/img/1.gif
ERR: 无法加载模块:Application

[ 2016-03-31T22:46:52+08:00 ] ::1 /yimiao/Application/MyUser/View/Public/Index/images/panel_title.png
ERR: 无法加载模块:Application

[ 2016-03-31T22:46:52+08:00 ] ::1 /yimiao/Application/MyUser/View/Public/Index/images/blank.gif
ERR: 无法加载模块:Application

[ 2016-03-31T22:58:33+08:00 ] ::1 /yimiao/Application/MyUser/View/Public/Index/images/panel_title.png
ERR: 无法加载模块:Application

[ 2016-03-31T22:58:33+08:00 ] ::1 /yimiao/Application/MyUser/View/Public/Index/images/blank.gif
ERR: 无法加载模块:Application

[ 2016-03-31T22:58:33+08:00 ] ::1 /yimiao/Application/MyUser/View/Public/Index/img/1.gif
ERR: 无法加载模块:Application

[ 2016-03-31T22:59:10+08:00 ] ::1 /yimiao/Application/MyUser/View/Public/Index/images/blank.gif
ERR: 无法加载模块:Application

[ 2016-03-31T22:59:10+08:00 ] ::1 /yimiao/Application/MyUser/View/Public/Index/images/panel_title.png
ERR: 无法加载模块:Application

[ 2016-03-31T22:59:10+08:00 ] ::1 /yimiao/Application/MyUser/View/Public/Index/img/1.gif
ERR: 无法加载模块:Application

[ 2016-03-31T22:59:47+08:00 ] ::1 /yimiao/Application/MyUser/View/Public/Index/images/panel_title.png
ERR: 无法加载模块:Application

[ 2016-03-31T22:59:47+08:00 ] ::1 /yimiao/Application/MyUser/View/Public/Index/images/blank.gif
ERR: 无法加载模块:Application

[ 2016-03-31T22:59:47+08:00 ] ::1 /yimiao/Application/MyUser/View/Public/Index/img/1.gif
ERR: 无法加载模块:Application

[ 2016-03-31T23:11:54+08:00 ] ::1 /yimiao/Application/MyUser/View/Public/Index/images/blank.gif
ERR: 无法加载模块:Application

[ 2016-03-31T23:11:54+08:00 ] ::1 /yimiao/Application/MyUser/View/Public/Index/images/panel_title.png
ERR: 无法加载模块:Application

[ 2016-03-31T23:11:54+08:00 ] ::1 /yimiao/Application/MyUser/View/Public/Index/img/1.gif
ERR: 无法加载模块:Application

[ 2016-03-31T23:14:06+08:00 ] ::1 /yimiao/Application/MyUser/View/Public/Index/images/panel_title.png
ERR: 无法加载模块:Application

[ 2016-03-31T23:14:06+08:00 ] ::1 /yimiao/Application/MyUser/View/Public/Index/img/1.gif
ERR: 无法加载模块:Application

[ 2016-03-31T23:14:06+08:00 ] ::1 /yimiao/Application/MyUser/View/Public/Index/images/blank.gif
ERR: 无法加载模块:Application

[ 2016-03-31T23:18:05+08:00 ] ::1 /yimiao/Application/MyUser/View/Public/Index/images/blank.gif
ERR: 无法加载模块:Application

[ 2016-03-31T23:18:05+08:00 ] ::1 /yimiao/Application/MyUser/View/Public/Index/img/1.gif
ERR: 无法加载模块:Application

[ 2016-03-31T23:18:05+08:00 ] ::1 /yimiao/Application/MyUser/View/Public/Index/images/panel_title.png
ERR: 无法加载模块:Application

[ 2016-03-31T23:20:08+08:00 ] ::1 /yimiao/Application/MyUser/View/Public/Index/images/blank.gif
ERR: 无法加载模块:Application

[ 2016-03-31T23:20:08+08:00 ] ::1 /yimiao/Application/MyUser/View/Public/Index/images/panel_title.png
ERR: 无法加载模块:Application

[ 2016-03-31T23:20:08+08:00 ] ::1 /yimiao/Application/MyUser/View/Public/Index/img/1.gif
ERR: 无法加载模块:Application

[ 2016-03-31T23:20:34+08:00 ] ::1 /yimiao/Application/MyUser/View/Public/Index/images/blank.gif
ERR: 无法加载模块:Application

[ 2016-03-31T23:20:34+08:00 ] ::1 /yimiao/Application/MyUser/View/Public/Index/images/panel_title.png
ERR: 无法加载模块:Application

[ 2016-03-31T23:20:34+08:00 ] ::1 /yimiao/Application/MyUser/View/Public/Index/img/1.gif
ERR: 无法加载模块:Application

[ 2016-03-31T23:42:38+08:00 ] ::1 /yimiao/Public/css/style.css
ERR: 无法加载模块:Public

[ 2016-03-31T23:42:38+08:00 ] ::1 /yimiao/Public/js/jquery.min.js
ERR: 无法加载模块:Public

[ 2016-03-31T23:42:38+08:00 ] ::1 /yimiao/Public/js/supersized.3.2.7.min.js
ERR: 无法加载模块:Public

[ 2016-03-31T23:42:38+08:00 ] ::1 /yimiao/Public/js/common.js
ERR: 无法加载模块:Public

[ 2016-03-31T23:42:38+08:00 ] ::1 /yimiao/Public/js/supersized-init.js
ERR: 无法加载模块:Public

[ 2016-03-31T23:42:38+08:00 ] ::1 /yimiao/Public/js/jquery.validate.min.js?var1.14.0
ERR: 无法加载模块:Public

[ 2016-03-31T23:42:42+08:00 ] ::1 /yimiao/Public/css/style.css
ERR: 无法加载模块:Public

[ 2016-03-31T23:43:35+08:00 ] ::1 /yimiao/Application/Home/View/default/Public/Login/css/style.css
ERR: 无法加载模块:Application

[ 2016-03-31T23:43:35+08:00 ] ::1 /yimiao/Application/Home/View/default/Public/Login/js/jquery.min.js
ERR: 无法加载模块:Application

[ 2016-03-31T23:43:35+08:00 ] ::1 /yimiao/Application/Home/View/default/Public/Login/js/common.js
ERR: 无法加载模块:Application

[ 2016-03-31T23:43:35+08:00 ] ::1 /yimiao/Application/Home/View/default/Public/Login/js/supersized-init.js
ERR: 无法加载模块:Application

[ 2016-03-31T23:43:35+08:00 ] ::1 /yimiao/Application/Home/View/default/Public/Login/js/supersized.3.2.7.min.js
ERR: 无法加载模块:Application

[ 2016-03-31T23:43:35+08:00 ] ::1 /yimiao/Application/Home/View/default/Public/Login/js/jquery.validate.min.js?var1.14.0
ERR: 无法加载模块:Application

[ 2016-03-31T23:43:36+08:00 ] ::1 /yimiao/Application/Home/View/default/Public/Login/js/common.js
ERR: 无法加载模块:Application

[ 2016-03-31T23:43:36+08:00 ] ::1 /yimiao/Application/Home/View/default/Public/Login/css/style.css
ERR: 无法加载模块:Application

[ 2016-03-31T23:43:36+08:00 ] ::1 /yimiao/Application/Home/View/default/Public/Login/js/jquery.min.js
ERR: 无法加载模块:Application

[ 2016-03-31T23:43:36+08:00 ] ::1 /yimiao/Application/Home/View/default/Public/Login/js/supersized.3.2.7.min.js
ERR: 无法加载模块:Application

[ 2016-03-31T23:43:36+08:00 ] ::1 /yimiao/Application/Home/View/default/Public/Login/js/supersized-init.js
ERR: 无法加载模块:Application

[ 2016-03-31T23:43:36+08:00 ] ::1 /yimiao/Application/Home/View/default/Public/Login/js/jquery.validate.min.js?var1.14.0
ERR: 无法加载模块:Application

[ 2016-03-31T23:43:36+08:00 ] ::1 /yimiao/Application/Home/View/default/Public/Login/js/common.js
ERR: 无法加载模块:Application

[ 2016-03-31T23:43:36+08:00 ] ::1 /yimiao/Application/Home/View/default/Public/Login/css/style.css
ERR: 无法加载模块:Application

[ 2016-03-31T23:43:36+08:00 ] ::1 /yimiao/Application/Home/View/default/Public/Login/js/jquery.min.js
ERR: 无法加载模块:Application

[ 2016-03-31T23:43:36+08:00 ] ::1 /yimiao/Application/Home/View/default/Public/Login/js/supersized-init.js
ERR: 无法加载模块:Application

[ 2016-03-31T23:43:36+08:00 ] ::1 /yimiao/Application/Home/View/default/Public/Login/js/supersized.3.2.7.min.js
ERR: 无法加载模块:Application

[ 2016-03-31T23:43:36+08:00 ] ::1 /yimiao/Application/Home/View/default/Public/Login/js/jquery.validate.min.js?var1.14.0
ERR: 无法加载模块:Application

[ 2016-03-31T23:43:37+08:00 ] ::1 /yimiao/Application/Home/View/default/Public/Login/js/supersized.3.2.7.min.js
ERR: 无法加载模块:Application

[ 2016-03-31T23:43:37+08:00 ] ::1 /yimiao/Application/Home/View/default/Public/Login/js/supersized-init.js
ERR: 无法加载模块:Application

[ 2016-03-31T23:43:37+08:00 ] ::1 /yimiao/Application/Home/View/default/Public/Login/js/jquery.min.js
ERR: 无法加载模块:Application

[ 2016-03-31T23:43:37+08:00 ] ::1 /yimiao/Application/Home/View/default/Public/Login/js/common.js
ERR: 无法加载模块:Application

[ 2016-03-31T23:43:37+08:00 ] ::1 /yimiao/Application/Home/View/default/Public/Login/js/jquery.validate.min.js?var1.14.0
ERR: 无法加载模块:Application

[ 2016-03-31T23:43:37+08:00 ] ::1 /yimiao/Application/Home/View/default/Public/Login/css/style.css
ERR: 无法加载模块:Application

[ 2016-03-31T23:43:37+08:00 ] ::1 /yimiao/Application/Home/View/default/Public/Login/css/style.css
ERR: 无法加载模块:Application

[ 2016-03-31T23:43:37+08:00 ] ::1 /yimiao/Application/Home/View/default/Public/Login/js/jquery.validate.min.js?var1.14.0
ERR: 无法加载模块:Application

[ 2016-03-31T23:43:37+08:00 ] ::1 /yimiao/Application/Home/View/default/Public/Login/js/common.js
ERR: 无法加载模块:Application

[ 2016-03-31T23:43:37+08:00 ] ::1 /yimiao/Application/Home/View/default/Public/Login/js/jquery.min.js
ERR: 无法加载模块:Application

[ 2016-03-31T23:43:37+08:00 ] ::1 /yimiao/Application/Home/View/default/Public/Login/js/supersized-init.js
ERR: 无法加载模块:Application

[ 2016-03-31T23:43:37+08:00 ] ::1 /yimiao/Application/Home/View/default/Public/Login/js/supersized.3.2.7.min.js
ERR: 无法加载模块:Application

[ 2016-03-31T23:43:37+08:00 ] ::1 /yimiao/Application/Home/View/default/Public/Login/js/supersized-init.js
ERR: 无法加载模块:Application

[ 2016-03-31T23:43:37+08:00 ] ::1 /yimiao/Application/Home/View/default/Public/Login/css/style.css
ERR: 无法加载模块:Application

[ 2016-03-31T23:43:37+08:00 ] ::1 /yimiao/Application/Home/View/default/Public/Login/js/jquery.min.js
ERR: 无法加载模块:Application

[ 2016-03-31T23:43:37+08:00 ] ::1 /yimiao/Application/Home/View/default/Public/Login/js/jquery.validate.min.js?var1.14.0
ERR: 无法加载模块:Application

[ 2016-03-31T23:43:37+08:00 ] ::1 /yimiao/Application/Home/View/default/Public/Login/js/common.js
ERR: 无法加载模块:Application

[ 2016-03-31T23:43:37+08:00 ] ::1 /yimiao/Application/Home/View/default/Public/Login/js/supersized.3.2.7.min.js
ERR: 无法加载模块:Application

[ 2016-03-31T23:43:37+08:00 ] ::1 /yimiao/Application/Home/View/default/Public/Login/js/jquery.min.js
ERR: 无法加载模块:Application

[ 2016-03-31T23:43:37+08:00 ] ::1 /yimiao/Application/Home/View/default/Public/Login/js/common.js
ERR: 无法加载模块:Application

[ 2016-03-31T23:43:37+08:00 ] ::1 /yimiao/Application/Home/View/default/Public/Login/css/style.css
ERR: 无法加载模块:Application

[ 2016-03-31T23:43:37+08:00 ] ::1 /yimiao/Application/Home/View/default/Public/Login/js/supersized-init.js
ERR: 无法加载模块:Application

[ 2016-03-31T23:43:37+08:00 ] ::1 /yimiao/Application/Home/View/default/Public/Login/js/supersized.3.2.7.min.js
ERR: 无法加载模块:Application

[ 2016-03-31T23:43:37+08:00 ] ::1 /yimiao/Application/Home/View/default/Public/Login/js/jquery.validate.min.js?var1.14.0
ERR: 无法加载模块:Application

[ 2016-03-31T23:43:37+08:00 ] ::1 /yimiao/Application/Home/View/default/Public/Login/js/supersized.3.2.7.min.js
ERR: 无法加载模块:Application

[ 2016-03-31T23:43:37+08:00 ] ::1 /yimiao/Application/Home/View/default/Public/Login/js/jquery.min.js
ERR: 无法加载模块:Application

[ 2016-03-31T23:43:37+08:00 ] ::1 /yimiao/Application/Home/View/default/Public/Login/css/style.css
ERR: 无法加载模块:Application

[ 2016-03-31T23:43:37+08:00 ] ::1 /yimiao/Application/Home/View/default/Public/Login/js/jquery.validate.min.js?var1.14.0
ERR: 无法加载模块:Application

[ 2016-03-31T23:43:37+08:00 ] ::1 /yimiao/Application/Home/View/default/Public/Login/js/supersized-init.js
ERR: 无法加载模块:Application

[ 2016-03-31T23:43:37+08:00 ] ::1 /yimiao/Application/Home/View/default/Public/Login/js/common.js
ERR: 无法加载模块:Application

[ 2016-03-31T23:43:37+08:00 ] ::1 /yimiao/Application/Home/View/default/Public/Login/js/jquery.min.js
ERR: 无法加载模块:Application

[ 2016-03-31T23:43:37+08:00 ] ::1 /yimiao/Application/Home/View/default/Public/Login/css/style.css
ERR: 无法加载模块:Application

[ 2016-03-31T23:43:37+08:00 ] ::1 /yimiao/Application/Home/View/default/Public/Login/js/common.js
ERR: 无法加载模块:Application

[ 2016-03-31T23:43:37+08:00 ] ::1 /yimiao/Application/Home/View/default/Public/Login/js/supersized-init.js
ERR: 无法加载模块:Application

[ 2016-03-31T23:43:37+08:00 ] ::1 /yimiao/Application/Home/View/default/Public/Login/js/supersized.3.2.7.min.js
ERR: 无法加载模块:Application

[ 2016-03-31T23:43:37+08:00 ] ::1 /yimiao/Application/Home/View/default/Public/Login/js/jquery.validate.min.js?var1.14.0
ERR: 无法加载模块:Application

[ 2016-03-31T23:43:42+08:00 ] ::1 /yimiao/Application/Home/View/default/Public/Login/css/style.css
ERR: 无法加载模块:Application

[ 2016-03-31T23:43:42+08:00 ] ::1 /yimiao/Application/Home/View/default/Public/Login/js/jquery.min.js
ERR: 无法加载模块:Application

[ 2016-03-31T23:43:42+08:00 ] ::1 /yimiao/Application/Home/View/default/Public/Login/js/jquery.validate.min.js?var1.14.0
ERR: 无法加载模块:Application

[ 2016-03-31T23:43:42+08:00 ] ::1 /yimiao/Application/Home/View/default/Public/Login/js/common.js
ERR: 无法加载模块:Application

[ 2016-03-31T23:43:42+08:00 ] ::1 /yimiao/Application/Home/View/default/Public/Login/js/supersized.3.2.7.min.js
ERR: 无法加载模块:Application

[ 2016-03-31T23:43:42+08:00 ] ::1 /yimiao/Application/Home/View/default/Public/Login/js/supersized-init.js
ERR: 无法加载模块:Application

