[ 2015-03-26T15:35:46+08:00 ] 127.0.0.1 /web/admin.php/Home/Book/Imagie/2015-03-26/5513acee7aef7.jpg
INFO: [ app_init ] --START--
INFO: Run Behavior\BuildLiteBehavior [ RunTime:0.000092s ]
INFO: [ app_init ] --END-- [ RunTime:0.001130s ]

[ 2015-03-26T15:37:00+08:00 ] 127.0.0.1 /web/admin.php/Uploads/Imagie/2015-03-26/5513acee7aef7.jpg
INFO: [ app_init ] --START--
INFO: Run Behavior\BuildLiteBehavior [ RunTime:0.000029s ]
INFO: [ app_init ] --END-- [ RunTime:0.000506s ]
ERR: 无法加载模块:Uploads

[ 2015-03-26T15:37:01+08:00 ] 127.0.0.1 /web/admin.php/Uploads/Imagie/2015-03-26/5513acee7aef7.jpg
INFO: [ app_init ] --START--
INFO: Run Behavior\BuildLiteBehavior [ RunTime:0.000029s ]
INFO: [ app_init ] --END-- [ RunTime:0.000545s ]
ERR: 无法加载模块:Uploads

[ 2015-03-26T15:37:01+08:00 ] 127.0.0.1 /web/admin.php/Uploads/Imagie/2015-03-26/5513acee7aef7.jpg
INFO: [ app_init ] --START--
INFO: Run Behavior\BuildLiteBehavior [ RunTime:0.000044s ]
INFO: [ app_init ] --END-- [ RunTime:0.000777s ]
ERR: 无法加载模块:Uploads

[ 2015-03-26T15:37:01+08:00 ] 127.0.0.1 /web/admin.php/Uploads/Imagie/2015-03-26/5513acee7aef7.jpg
INFO: [ app_init ] --START--
INFO: Run Behavior\BuildLiteBehavior [ RunTime:0.000045s ]
INFO: [ app_init ] --END-- [ RunTime:0.000798s ]
ERR: 无法加载模块:Uploads

[ 2015-03-26T15:37:01+08:00 ] 127.0.0.1 /web/admin.php/Uploads/Imagie/2015-03-26/5513ad5c8ade9.jpg
INFO: [ app_init ] --START--
INFO: Run Behavior\BuildLiteBehavior [ RunTime:0.000047s ]
INFO: [ app_init ] --END-- [ RunTime:0.001333s ]
ERR: 无法加载模块:Uploads

[ 2015-03-26T15:37:01+08:00 ] 127.0.0.1 /web/admin.php/Uploads/Imagie/2015-03-26/5513ad5c8ade9.jpg
INFO: [ app_init ] --START--
INFO: Run Behavior\BuildLiteBehavior [ RunTime:0.000049s ]
INFO: [ app_init ] --END-- [ RunTime:0.000977s ]
ERR: 无法加载模块:Uploads

[ 2015-03-26T15:37:02+08:00 ] 127.0.0.1 /web/admin.php/Uploads/Imagie/2015-03-26/5513ad5c8ade9.jpg
INFO: [ app_init ] --START--
INFO: Run Behavior\BuildLiteBehavior [ RunTime:0.000030s ]
INFO: [ app_init ] --END-- [ RunTime:0.000516s ]
ERR: 无法加载模块:Uploads

[ 2015-03-26T15:37:02+08:00 ] 127.0.0.1 /web/admin.php/Uploads/Imagie/2015-03-26/5513ad5c8ade9.jpg
INFO: [ app_init ] --START--
INFO: Run Behavior\BuildLiteBehavior [ RunTime:0.000043s ]
INFO: [ app_init ] --END-- [ RunTime:0.000753s ]
ERR: 无法加载模块:Uploads

[ 2015-03-26T15:37:02+08:00 ] 127.0.0.1 /web/admin.php/Uploads/Imagie/2015-03-26/5513acee7aef7.jpg
INFO: [ app_init ] --START--
INFO: Run Behavior\BuildLiteBehavior [ RunTime:0.000031s ]
INFO: [ app_init ] --END-- [ RunTime:0.000505s ]
ERR: 无法加载模块:Uploads

[ 2015-03-26T15:37:02+08:00 ] 127.0.0.1 /web/admin.php/Uploads/Imagie/2015-03-26/5513ad5c8ade9.jpg
INFO: [ app_init ] --START--
INFO: Run Behavior\BuildLiteBehavior [ RunTime:0.000049s ]
INFO: [ app_init ] --END-- [ RunTime:0.000959s ]
ERR: 无法加载模块:Uploads

[ 2015-03-26T15:38:32+08:00 ] 127.0.0.1 /web/admin.php/Imagie/2015-03-26/5513acee7aef7.jpg
INFO: [ app_init ] --START--
INFO: Run Behavior\BuildLiteBehavior [ RunTime:0.000098s ]
INFO: [ app_init ] --END-- [ RunTime:0.001778s ]
ERR: 无法加载模块:Imagie

[ 2015-03-26T15:42:03+08:00 ] 127.0.0.1 /web/admin.php/Imagie/2015-03-26/5513ad5c8ade9.jpg
INFO: [ app_init ] --START--
INFO: Run Behavior\BuildLiteBehavior [ RunTime:0.000043s ]
INFO: [ app_init ] --END-- [ RunTime:0.000729s ]
ERR: 无法加载模块:Imagie

[ 2015-03-26T15:42:27+08:00 ] 127.0.0.1 /web/admin.php/Uploads/Imagie/2015-03-26/5513acee7aef7.jpg
INFO: [ app_init ] --START--
INFO: Run Behavior\BuildLiteBehavior [ RunTime:0.000040s ]
INFO: [ app_init ] --END-- [ RunTime:0.000830s ]
ERR: 无法加载模块:Uploads

[ 2015-03-26T15:44:31+08:00 ] 127.0.0.1 /web/admin.php/Home/Book/Uploads/Imagie/2015-03-26/5513ad5c8ade9.jpg
INFO: [ app_init ] --START--
INFO: Run Behavior\BuildLiteBehavior [ RunTime:0.000049s ]
INFO: [ app_init ] --END-- [ RunTime:0.005800s ]

[ 2015-03-26T15:44:31+08:00 ] 127.0.0.1 /web/admin.php/Home/Book/Uploads//Imagie/2015-03-26/5513b8466c082.jpg
INFO: [ app_init ] --START--
INFO: Run Behavior\BuildLiteBehavior [ RunTime:0.000026s ]
INFO: [ app_init ] --END-- [ RunTime:0.000535s ]

[ 2015-03-26T15:46:07+08:00 ] 127.0.0.1 /web/admin.php/Home/Book/Uploads//Imagie/2015-03-26/5513b8466c082.jpg
INFO: [ app_init ] --START--
INFO: Run Behavior\BuildLiteBehavior [ RunTime:0.000048s ]
INFO: [ app_init ] --END-- [ RunTime:0.002241s ]

[ 2015-03-26T15:46:07+08:00 ] 127.0.0.1 /web/admin.php/Home/Book/Uploads/Imagie/2015-03-26/5513ad5c8ade9.jpg
INFO: [ app_init ] --START--
INFO: Run Behavior\BuildLiteBehavior [ RunTime:0.000044s ]
INFO: [ app_init ] --END-- [ RunTime:0.000882s ]

[ 2015-03-26T15:47:24+08:00 ] 127.0.0.1 /web/admin.php/Home/Book/Imagie/2015-03-26/5513acee7aef7.jpg
INFO: [ app_init ] --START--
INFO: Run Behavior\BuildLiteBehavior [ RunTime:0.000030s ]
INFO: [ app_init ] --END-- [ RunTime:0.000639s ]

[ 2015-03-26T15:47:25+08:00 ] 127.0.0.1 /web/admin.php/Home/Book/Imagie/2015-03-26/5513acee7aef7.jpg
INFO: [ app_init ] --START--
INFO: Run Behavior\BuildLiteBehavior [ RunTime:0.000031s ]
INFO: [ app_init ] --END-- [ RunTime:0.000581s ]

[ 2015-03-26T15:47:37+08:00 ] 127.0.0.1 /web/admin.php/Home/Imagie/2015-03-26/5513b8466c082.jpg
INFO: [ app_init ] --START--
INFO: Run Behavior\BuildLiteBehavior [ RunTime:0.000041s ]
INFO: [ app_init ] --END-- [ RunTime:0.000773s ]

